Determining if the Q_WS_WIN exist failed with the following output:
Change Dir: /home/smanzuetaf/MassPhantom_Test2M_Inline_StepPMMA/build/CMakeFiles/CMakeTmp

Run Build Command(s):/usr/bin/make cmTC_592df/fast && /usr/bin/make -f CMakeFiles/cmTC_592df.dir/build.make CMakeFiles/cmTC_592df.dir/build
make[1]: Entering directory '/home/smanzuetaf/MassPhantom_Test2M_Inline_StepPMMA/build/CMakeFiles/CMakeTmp'
Building CXX object CMakeFiles/cmTC_592df.dir/CheckSymbolExists.cxx.o
/usr/bin/c++   -I/usr/include/qt4   -o CMakeFiles/cmTC_592df.dir/CheckSymbolExists.cxx.o -c /home/smanzuetaf/MassPhantom_Test2M_Inline_StepPMMA/build/CMakeFiles/CMakeTmp/CheckSymbolExists.cxx
/home/smanzuetaf/MassPhantom_Test2M_Inline_StepPMMA/build/CMakeFiles/CMakeTmp/CheckSymbolExists.cxx: In function ‘int main(int, char**)’:
/home/smanzuetaf/MassPhantom_Test2M_Inline_StepPMMA/build/CMakeFiles/CMakeTmp/CheckSymbolExists.cxx:8:19: error: ‘Q_WS_WIN’ was not declared in this scope
    8 |   return ((int*)(&Q_WS_WIN))[argc];
      |                   ^~~~~~~~
make[1]: *** [CMakeFiles/cmTC_592df.dir/build.make:66: CMakeFiles/cmTC_592df.dir/CheckSymbolExists.cxx.o] Error 1
make[1]: Leaving directory '/home/smanzuetaf/MassPhantom_Test2M_Inline_StepPMMA/build/CMakeFiles/CMakeTmp'
make: *** [Makefile:121: cmTC_592df/fast] Error 2


File /home/smanzuetaf/MassPhantom_Test2M_Inline_StepPMMA/build/CMakeFiles/CMakeTmp/CheckSymbolExists.cxx:
/* */
#include <QtCore/qglobal.h>

int main(int argc, char** argv)
{
  (void)argv;
#ifndef Q_WS_WIN
  return ((int*)(&Q_WS_WIN))[argc];
#else
  (void)argc;
  return 0;
#endif
}
Determining if the Q_WS_QWS exist failed with the following output:
Change Dir: /home/smanzuetaf/MassPhantom_Test2M_Inline_StepPMMA/build/CMakeFiles/CMakeTmp

Run Build Command(s):/usr/bin/make cmTC_03fcb/fast && /usr/bin/make -f CMakeFiles/cmTC_03fcb.dir/build.make CMakeFiles/cmTC_03fcb.dir/build
make[1]: Entering directory '/home/smanzuetaf/MassPhantom_Test2M_Inline_StepPMMA/build/CMakeFiles/CMakeTmp'
Building CXX object CMakeFiles/cmTC_03fcb.dir/CheckSymbolExists.cxx.o
/usr/bin/c++   -I/usr/include/qt4   -o CMakeFiles/cmTC_03fcb.dir/CheckSymbolExists.cxx.o -c /home/smanzuetaf/MassPhantom_Test2M_Inline_StepPMMA/build/CMakeFiles/CMakeTmp/CheckSymbolExists.cxx
/home/smanzuetaf/MassPhantom_Test2M_Inline_StepPMMA/build/CMakeFiles/CMakeTmp/CheckSymbolExists.cxx: In function ‘int main(int, char**)’:
/home/smanzuetaf/MassPhantom_Test2M_Inline_StepPMMA/build/CMakeFiles/CMakeTmp/CheckSymbolExists.cxx:8:19: error: ‘Q_WS_QWS’ was not declared in this scope
    8 |   return ((int*)(&Q_WS_QWS))[argc];
      |                   ^~~~~~~~
make[1]: *** [CMakeFiles/cmTC_03fcb.dir/build.make:66: CMakeFiles/cmTC_03fcb.dir/CheckSymbolExists.cxx.o] Error 1
make[1]: Leaving directory '/home/smanzuetaf/MassPhantom_Test2M_Inline_StepPMMA/build/CMakeFiles/CMakeTmp'
make: *** [Makefile:121: cmTC_03fcb/fast] Error 2


File /home/smanzuetaf/MassPhantom_Test2M_Inline_StepPMMA/build/CMakeFiles/CMakeTmp/CheckSymbolExists.cxx:
/* */
#include <QtCore/qglobal.h>

int main(int argc, char** argv)
{
  (void)argv;
#ifndef Q_WS_QWS
  return ((int*)(&Q_WS_QWS))[argc];
#else
  (void)argc;
  return 0;
#endif
}
Determining if the Q_WS_MAC exist failed with the following output:
Change Dir: /home/smanzuetaf/MassPhantom_Test2M_Inline_StepPMMA/build/CMakeFiles/CMakeTmp

Run Build Command(s):/usr/bin/make cmTC_99f62/fast && /usr/bin/make -f CMakeFiles/cmTC_99f62.dir/build.make CMakeFiles/cmTC_99f62.dir/build
make[1]: Entering directory '/home/smanzuetaf/MassPhantom_Test2M_Inline_StepPMMA/build/CMakeFiles/CMakeTmp'
Building CXX object CMakeFiles/cmTC_99f62.dir/CheckSymbolExists.cxx.o
/usr/bin/c++   -I/usr/include/qt4   -o CMakeFiles/cmTC_99f62.dir/CheckSymbolExists.cxx.o -c /home/smanzuetaf/MassPhantom_Test2M_Inline_StepPMMA/build/CMakeFiles/CMakeTmp/CheckSymbolExists.cxx
/home/smanzuetaf/MassPhantom_Test2M_Inline_StepPMMA/build/CMakeFiles/CMakeTmp/CheckSymbolExists.cxx: In function ‘int main(int, char**)’:
/home/smanzuetaf/MassPhantom_Test2M_Inline_StepPMMA/build/CMakeFiles/CMakeTmp/CheckSymbolExists.cxx:8:19: error: ‘Q_WS_MAC’ was not declared in this scope
    8 |   return ((int*)(&Q_WS_MAC))[argc];
      |                   ^~~~~~~~
make[1]: *** [CMakeFiles/cmTC_99f62.dir/build.make:66: CMakeFiles/cmTC_99f62.dir/CheckSymbolExists.cxx.o] Error 1
make[1]: Leaving directory '/home/smanzuetaf/MassPhantom_Test2M_Inline_StepPMMA/build/CMakeFiles/CMakeTmp'
make: *** [Makefile:121: cmTC_99f62/fast] Error 2


File /home/smanzuetaf/MassPhantom_Test2M_Inline_StepPMMA/build/CMakeFiles/CMakeTmp/CheckSymbolExists.cxx:
/* */
#include <QtCore/qglobal.h>

int main(int argc, char** argv)
{
  (void)argv;
#ifndef Q_WS_MAC
  return ((int*)(&Q_WS_MAC))[argc];
#else
  (void)argc;
  return 0;
#endif
}
