Determining if the Q_WS_WIN exist failed with the following output:
Change Dir: /home/smanzuetaf/MassPhantom_Test2M_Inlinetest_Step4/build/CMakeFiles/CMakeTmp

Run Build Command(s):/usr/bin/make cmTC_1dab1/fast && /usr/bin/make -f CMakeFiles/cmTC_1dab1.dir/build.make CMakeFiles/cmTC_1dab1.dir/build
make[1]: Entering directory '/home/smanzuetaf/MassPhantom_Test2M_Inlinetest_Step4/build/CMakeFiles/CMakeTmp'
Building CXX object CMakeFiles/cmTC_1dab1.dir/CheckSymbolExists.cxx.o
/usr/bin/c++   -I/usr/include/qt4   -o CMakeFiles/cmTC_1dab1.dir/CheckSymbolExists.cxx.o -c /home/smanzuetaf/MassPhantom_Test2M_Inlinetest_Step4/build/CMakeFiles/CMakeTmp/CheckSymbolExists.cxx
/home/smanzuetaf/MassPhantom_Test2M_Inlinetest_Step4/build/CMakeFiles/CMakeTmp/CheckSymbolExists.cxx: In function ‘int main(int, char**)’:
/home/smanzuetaf/MassPhantom_Test2M_Inlinetest_Step4/build/CMakeFiles/CMakeTmp/CheckSymbolExists.cxx:8:19: error: ‘Q_WS_WIN’ was not declared in this scope
    8 |   return ((int*)(&Q_WS_WIN))[argc];
      |                   ^~~~~~~~
make[1]: *** [CMakeFiles/cmTC_1dab1.dir/build.make:66: CMakeFiles/cmTC_1dab1.dir/CheckSymbolExists.cxx.o] Error 1
make[1]: Leaving directory '/home/smanzuetaf/MassPhantom_Test2M_Inlinetest_Step4/build/CMakeFiles/CMakeTmp'
make: *** [Makefile:121: cmTC_1dab1/fast] Error 2


File /home/smanzuetaf/MassPhantom_Test2M_Inlinetest_Step4/build/CMakeFiles/CMakeTmp/CheckSymbolExists.cxx:
/* */
#include <QtCore/qglobal.h>

int main(int argc, char** argv)
{
  (void)argv;
#ifndef Q_WS_WIN
  return ((int*)(&Q_WS_WIN))[argc];
#else
  (void)argc;
  return 0;
#endif
}
Determining if the Q_WS_QWS exist failed with the following output:
Change Dir: /home/smanzuetaf/MassPhantom_Test2M_Inlinetest_Step4/build/CMakeFiles/CMakeTmp

Run Build Command(s):/usr/bin/make cmTC_3c632/fast && /usr/bin/make -f CMakeFiles/cmTC_3c632.dir/build.make CMakeFiles/cmTC_3c632.dir/build
make[1]: Entering directory '/home/smanzuetaf/MassPhantom_Test2M_Inlinetest_Step4/build/CMakeFiles/CMakeTmp'
Building CXX object CMakeFiles/cmTC_3c632.dir/CheckSymbolExists.cxx.o
/usr/bin/c++   -I/usr/include/qt4   -o CMakeFiles/cmTC_3c632.dir/CheckSymbolExists.cxx.o -c /home/smanzuetaf/MassPhantom_Test2M_Inlinetest_Step4/build/CMakeFiles/CMakeTmp/CheckSymbolExists.cxx
/home/smanzuetaf/MassPhantom_Test2M_Inlinetest_Step4/build/CMakeFiles/CMakeTmp/CheckSymbolExists.cxx: In function ‘int main(int, char**)’:
/home/smanzuetaf/MassPhantom_Test2M_Inlinetest_Step4/build/CMakeFiles/CMakeTmp/CheckSymbolExists.cxx:8:19: error: ‘Q_WS_QWS’ was not declared in this scope
    8 |   return ((int*)(&Q_WS_QWS))[argc];
      |                   ^~~~~~~~
make[1]: *** [CMakeFiles/cmTC_3c632.dir/build.make:66: CMakeFiles/cmTC_3c632.dir/CheckSymbolExists.cxx.o] Error 1
make[1]: Leaving directory '/home/smanzuetaf/MassPhantom_Test2M_Inlinetest_Step4/build/CMakeFiles/CMakeTmp'
make: *** [Makefile:121: cmTC_3c632/fast] Error 2


File /home/smanzuetaf/MassPhantom_Test2M_Inlinetest_Step4/build/CMakeFiles/CMakeTmp/CheckSymbolExists.cxx:
/* */
#include <QtCore/qglobal.h>

int main(int argc, char** argv)
{
  (void)argv;
#ifndef Q_WS_QWS
  return ((int*)(&Q_WS_QWS))[argc];
#else
  (void)argc;
  return 0;
#endif
}
Determining if the Q_WS_MAC exist failed with the following output:
Change Dir: /home/smanzuetaf/MassPhantom_Test2M_Inlinetest_Step4/build/CMakeFiles/CMakeTmp

Run Build Command(s):/usr/bin/make cmTC_5ad61/fast && /usr/bin/make -f CMakeFiles/cmTC_5ad61.dir/build.make CMakeFiles/cmTC_5ad61.dir/build
make[1]: Entering directory '/home/smanzuetaf/MassPhantom_Test2M_Inlinetest_Step4/build/CMakeFiles/CMakeTmp'
Building CXX object CMakeFiles/cmTC_5ad61.dir/CheckSymbolExists.cxx.o
/usr/bin/c++   -I/usr/include/qt4   -o CMakeFiles/cmTC_5ad61.dir/CheckSymbolExists.cxx.o -c /home/smanzuetaf/MassPhantom_Test2M_Inlinetest_Step4/build/CMakeFiles/CMakeTmp/CheckSymbolExists.cxx
/home/smanzuetaf/MassPhantom_Test2M_Inlinetest_Step4/build/CMakeFiles/CMakeTmp/CheckSymbolExists.cxx: In function ‘int main(int, char**)’:
/home/smanzuetaf/MassPhantom_Test2M_Inlinetest_Step4/build/CMakeFiles/CMakeTmp/CheckSymbolExists.cxx:8:19: error: ‘Q_WS_MAC’ was not declared in this scope
    8 |   return ((int*)(&Q_WS_MAC))[argc];
      |                   ^~~~~~~~
make[1]: *** [CMakeFiles/cmTC_5ad61.dir/build.make:66: CMakeFiles/cmTC_5ad61.dir/CheckSymbolExists.cxx.o] Error 1
make[1]: Leaving directory '/home/smanzuetaf/MassPhantom_Test2M_Inlinetest_Step4/build/CMakeFiles/CMakeTmp'
make: *** [Makefile:121: cmTC_5ad61/fast] Error 2


File /home/smanzuetaf/MassPhantom_Test2M_Inlinetest_Step4/build/CMakeFiles/CMakeTmp/CheckSymbolExists.cxx:
/* */
#include <QtCore/qglobal.h>

int main(int argc, char** argv)
{
  (void)argv;
#ifndef Q_WS_MAC
  return ((int*)(&Q_WS_MAC))[argc];
#else
  (void)argc;
  return 0;
#endif
}
